CRITICAL - 2022-03-28 11:58:16 --> include(navbar.php): Failed to open stream: No such file or directory
#0 C:\xampp\htdocs\Athfali-template\app\Views\product\index.php(5): CodeIgniter\Debug\Exceptions->errorHandler(2, 'include(navbar....', 'C:\\xampp\\htdocs...', 5)
#1 C:\xampp\htdocs\Athfali-template\app\Views\product\index.php(5): include()
#2 C:\xampp\htdocs\Athfali-template\system\View\View.php(210): include('C:\\xampp\\htdocs...')
#3 C:\xampp\htdocs\Athfali-template\system\View\View.php(213): CodeIgniter\View\View->CodeIgniter\View\{closure}()
#4 C:\xampp\htdocs\Athfali-template\system\Common.php(1089): CodeIgniter\View\View->render('product/index', Array, true)
#5 C:\xampp\htdocs\Athfali-template\app\Controllers\Product.php(41): view('product/index', Array)
#6 C:\xampp\htdocs\Athfali-template\system\CodeIgniter.php(832): App\Controllers\Product->index()
#7 C:\xampp\htdocs\Athfali-template\system\CodeIgniter.php(419): CodeIgniter\CodeIgniter->runController(Object(App\Controllers\Product))
#8 C:\xampp\htdocs\Athfali-template\system\CodeIgniter.php(326): CodeIgniter\CodeIgniter->handleRequest(NULL, Object(Config\Cache), false)
#9 C:\xampp\htdocs\Athfali-template\public\index.php(37): CodeIgniter\CodeIgniter->run()
#10 C:\xampp\htdocs\Athfali-template\system\Commands\Server\rewrite.php(43): require_once('C:\\xampp\\htdocs...')
#11 {main}
CRITICAL - 2022-03-28 12:28:45 --> include(C:\xampp\htdocs\Athfali-template\app\Views\product): Failed to open stream: Permission denied
#0 C:\xampp\htdocs\Athfali-template\app\Views\index.php(57): CodeIgniter\Debug\Exceptions->errorHandler(2, 'include(C:\\xamp...', 'C:\\xampp\\htdocs...', 57)
#1 C:\xampp\htdocs\Athfali-template\app\Views\index.php(57): include()
#2 C:\xampp\htdocs\Athfali-template\system\View\View.php(210): include('C:\\xampp\\htdocs...')
#3 C:\xampp\htdocs\Athfali-template\system\View\View.php(213): CodeIgniter\View\View->CodeIgniter\View\{closure}()
#4 C:\xampp\htdocs\Athfali-template\system\Common.php(1089): CodeIgniter\View\View->render('index', Array, true)
#5 C:\xampp\htdocs\Athfali-template\app\Controllers\Ngetesaja.php(16): view('index', Array)
#6 C:\xampp\htdocs\Athfali-template\system\CodeIgniter.php(832): App\Controllers\Ngetesaja->index()
#7 C:\xampp\htdocs\Athfali-template\system\CodeIgniter.php(419): CodeIgniter\CodeIgniter->runController(Object(App\Controllers\Ngetesaja))
#8 C:\xampp\htdocs\Athfali-template\system\CodeIgniter.php(326): CodeIgniter\CodeIgniter->handleRequest(NULL, Object(Config\Cache), false)
#9 C:\xampp\htdocs\Athfali-template\public\index.php(37): CodeIgniter\CodeIgniter->run()
#10 C:\xampp\htdocs\Athfali-template\system\Commands\Server\rewrite.php(43): require_once('C:\\xampp\\htdocs...')
#11 {main}
CRITICAL - 2022-03-28 12:28:52 --> include(product.php): Failed to open stream: No such file or directory
#0 C:\xampp\htdocs\Athfali-template\app\Views\index.php(57): CodeIgniter\Debug\Exceptions->errorHandler(2, 'include(product...', 'C:\\xampp\\htdocs...', 57)
#1 C:\xampp\htdocs\Athfali-template\app\Views\index.php(57): include()
#2 C:\xampp\htdocs\Athfali-template\system\View\View.php(210): include('C:\\xampp\\htdocs...')
#3 C:\xampp\htdocs\Athfali-template\system\View\View.php(213): CodeIgniter\View\View->CodeIgniter\View\{closure}()
#4 C:\xampp\htdocs\Athfali-template\system\Common.php(1089): CodeIgniter\View\View->render('index', Array, true)
#5 C:\xampp\htdocs\Athfali-template\app\Controllers\Ngetesaja.php(16): view('index', Array)
#6 C:\xampp\htdocs\Athfali-template\system\CodeIgniter.php(832): App\Controllers\Ngetesaja->index()
#7 C:\xampp\htdocs\Athfali-template\system\CodeIgniter.php(419): CodeIgniter\CodeIgniter->runController(Object(App\Controllers\Ngetesaja))
#8 C:\xampp\htdocs\Athfali-template\system\CodeIgniter.php(326): CodeIgniter\CodeIgniter->handleRequest(NULL, Object(Config\Cache), false)
#9 C:\xampp\htdocs\Athfali-template\public\index.php(37): CodeIgniter\CodeIgniter->run()
#10 C:\xampp\htdocs\Athfali-template\system\Commands\Server\rewrite.php(43): require_once('C:\\xampp\\htdocs...')
#11 {main}
CRITICAL - 2022-03-28 12:29:11 --> Undefined variable $products
#0 C:\xampp\htdocs\Athfali-template\app\Views\product\index.php(24): CodeIgniter\Debug\Exceptions->errorHandler(2, 'Undefined varia...', 'C:\\xampp\\htdocs...', 24)
#1 C:\xampp\htdocs\Athfali-template\app\Views\index.php(57): include('C:\\xampp\\htdocs...')
#2 C:\xampp\htdocs\Athfali-template\system\View\View.php(210): include('C:\\xampp\\htdocs...')
#3 C:\xampp\htdocs\Athfali-template\system\View\View.php(213): CodeIgniter\View\View->CodeIgniter\View\{closure}()
#4 C:\xampp\htdocs\Athfali-template\system\Common.php(1089): CodeIgniter\View\View->render('index', Array, true)
#5 C:\xampp\htdocs\Athfali-template\app\Controllers\Ngetesaja.php(16): view('index', Array)
#6 C:\xampp\htdocs\Athfali-template\system\CodeIgniter.php(832): App\Controllers\Ngetesaja->index()
#7 C:\xampp\htdocs\Athfali-template\system\CodeIgniter.php(419): CodeIgniter\CodeIgniter->runController(Object(App\Controllers\Ngetesaja))
#8 C:\xampp\htdocs\Athfali-template\system\CodeIgniter.php(326): CodeIgniter\CodeIgniter->handleRequest(NULL, Object(Config\Cache), false)
#9 C:\xampp\htdocs\Athfali-template\public\index.php(37): CodeIgniter\CodeIgniter->run()
#10 C:\xampp\htdocs\Athfali-template\system\Commands\Server\rewrite.php(43): require_once('C:\\xampp\\htdocs...')
#11 {main}
